<?xml version="1.0" encoding="UTF-8"?>
<testng-results skipped="0" failed="0" total="1" passed="1">
  <reporter-output>
  </reporter-output>
  <suite name="Surefire suite" duration-ms="122" started-at="2019-08-23T06:17:08Z" finished-at="2019-08-23T06:17:09Z">
    <groups>
    </groups>
    <test name="Surefire test" duration-ms="122" started-at="2019-08-23T06:17:08Z" finished-at="2019-08-23T06:17:09Z">
      <class name="Module.CSoftAS.AppTest">
        <test-method status="PASS" signature="testApp()[pri:0, instance:testApp(Module.CSoftAS.AppTest)]" name="testApp" duration-ms="4" started-at="2019-08-23T11:47:09Z" finished-at="2019-08-23T11:47:09Z">
          <reporter-output>
          </reporter-output>
        </test-method> <!-- testApp -->
      </class> <!-- Module.CSoftAS.AppTest -->
    </test> <!-- Surefire test -->
  </suite> <!-- Surefire suite -->
</testng-results>
