<?xml version="1.0" encoding="UTF-8"?>
<!-- Generated by org.testng.reporters.JUnitXMLReporter -->
<testsuite hostname="ArkaDey-PC" name="Default test" tests="4" failures="0" timestamp="23 Aug 2019 06:34:58 GMT" time="29.454" errors="0">
  <testcase name="Negative_Login" time="2.957" classname="Module.CSoftAS.LoginNegativeTest"/>
  <testcase name="Negative_Login" time="3.084" classname="Module.CSoftAS.LoginNegativeTest"/>
  <testcase name="Negative_Login" time="2.007" classname="Module.CSoftAS.LoginNegativeTest"/>
  <testcase name="Negative_Login" time="2.403" classname="Module.CSoftAS.LoginNegativeTest"/>
</testsuite> <!-- Default test -->
