<?xml version="1.0" encoding="UTF-8"?>
<!-- Generated by org.testng.reporters.JUnitXMLReporter -->
<testsuite hostname="ArkaDey-PC" name="Test" tests="5" failures="0" timestamp="26 Aug 2019 06:50:34 GMT" time="34.13" errors="0">
  <testcase name="Possitive_Login" time="0.458" classname="Module.CSoftAS.LoginTest"/>
  <testcase name="Negative_Login" time="2.67" classname="Module.CSoftAS.LoginNegativeTest"/>
  <testcase name="Negative_Login" time="2.66" classname="Module.CSoftAS.LoginNegativeTest"/>
  <testcase name="Negative_Login" time="2.101" classname="Module.CSoftAS.LoginNegativeTest"/>
  <testcase name="Negative_Login" time="2.252" classname="Module.CSoftAS.LoginNegativeTest"/>
</testsuite> <!-- Test -->
