<?xml version="1.0" encoding="UTF-8"?>
<testng-results skipped="0" failed="0" total="1" passed="1">
  <reporter-output>
  </reporter-output>
  <suite name="Suite" duration-ms="7677" started-at="2019-08-23T06:38:20Z" finished-at="2019-08-23T06:38:27Z">
    <groups>
    </groups>
    <test name="Test" duration-ms="7677" started-at="2019-08-23T06:38:20Z" finished-at="2019-08-23T06:38:27Z">
      <class name="Module.CSoftAS.LoginTest">
        <test-method status="PASS" signature="driverInitialize()[pri:0, instance:Module.CSoftAS.LoginTest@17e2f02]" name="driverInitialize" is-config="true" duration-ms="5133" started-at="2019-08-23T12:08:20Z" finished-at="2019-08-23T12:08:25Z">
          <reporter-output>
          </reporter-output>
        </test-method> <!-- driverInitialize -->
        <test-method status="PASS" signature="Possitive_Login()[pri:0, instance:Module.CSoftAS.LoginTest@17e2f02]" name="Possitive_Login" duration-ms="433" started-at="2019-08-23T12:08:25Z" finished-at="2019-08-23T12:08:25Z">
          <reporter-output>
          </reporter-output>
        </test-method> <!-- Possitive_Login -->
        <test-method status="PASS" signature="tearDown()[pri:0, instance:Module.CSoftAS.LoginTest@17e2f02]" name="tearDown" is-config="true" duration-ms="2098" started-at="2019-08-23T12:08:25Z" finished-at="2019-08-23T12:08:27Z">
          <reporter-output>
          </reporter-output>
        </test-method> <!-- tearDown -->
      </class> <!-- Module.CSoftAS.LoginTest -->
    </test> <!-- Test -->
  </suite> <!-- Suite -->
</testng-results>
